Fetching registry information from https://github.com/microsoft/vcpkg (HEAD)...
Detecting compiler hash for triplet x64-windows...
Compiler found: C:/Program Files/Microsoft Visual Studio/2022/Community/VC/Tools/MSVC/14.38.33130/bin/Hostx64/x64/cl.exe
The following packages will be built and installed:
    nlohmann-json:x64-windows@3.11.3#1 -- C:\Users\joshu\AppData\Local\vcpkg\registries\git-trees\324d32ddba70bc49650d1a067ddcf3d0bfc6c9b6
  * vcpkg-cmake:x64-windows@2024-04-23 -- C:\Users\joshu\AppData\Local\vcpkg\registries\git-trees\e74aa1e8f93278a8e71372f1fa08c3df420eb840
  * vcpkg-cmake-config:x64-windows@2024-05-23 -- C:\Users\joshu\AppData\Local\vcpkg\registries\git-trees\97a63e4bc1a17422ffe4eff71da53b4b561a7841
Additional packages (*) will be modified to complete this operation.
Restored 3 package(s) from C:\Users\joshu\AppData\Local\vcpkg\archives in 70.1 ms. Use --debug to see more details.
Installing 1/3 vcpkg-cmake-config:x64-windows@2024-05-23...
Elapsed time to handle vcpkg-cmake-config:x64-windows: 6.54 ms
vcpkg-cmake-config:x64-windows package ABI: d68245ce2b2af74608e641ed126544b7484fd763d4e2a0a30c5c07881c3d0806
Installing 2/3 vcpkg-cmake:x64-windows@2024-04-23...
Elapsed time to handle vcpkg-cmake:x64-windows: 7.47 ms
vcpkg-cmake:x64-windows package ABI: 64a4853dc8cb10e64d01cfe6031526917b16c4433dd3b0c49f559a1f2139031b
Installing 3/3 nlohmann-json:x64-windows@3.11.3#1...
Elapsed time to handle nlohmann-json:x64-windows: 46.7 ms
nlohmann-json:x64-windows package ABI: 8cd277941917d3114f69a07813f1eff1c37079fc591e8ca9664a2d325a381674
Total install time: 60.8 ms
The package nlohmann-json provides CMake targets:

    find_package(nlohmann_json CONFIG REQUIRED)
    target_link_libraries(main PRIVATE nlohmann_json::nlohmann_json)

The package nlohmann-json can be configured to not provide implicit conversions via a custom triplet file:

    set(nlohmann-json_IMPLICIT_CONVERSIONS OFF)

For more information, see the docs here:
    
    https://json.nlohmann.me/api/macros/json_use_implicit_conversions/

